<?xml version="1.0" encoding="UTF-8"?>
<testng-results ignored="0" total="1" passed="1" failed="0" skipped="0">
  <reporter-output>
  </reporter-output>
  <suite started-at="2025-05-08T13:40:50Z" name="Default suite" finished-at="2025-05-08T13:41:12Z" duration-ms="22205">
    <groups>
    </groups>
    <test started-at="2025-05-08T13:40:50Z" name="Default test" finished-at="2025-05-08T13:41:12Z" duration-ms="22205">
      <class name="testPackage.Test1">
        <test-method signature="a()[pri:0, instance:testPackage.Test1@5a3bc7ed]" started-at="2025-05-08T13:40:50Z" name="a" finished-at="2025-05-08T13:41:12Z" duration-ms="22175" status="PASS">
          <reporter-output>
          </reporter-output>
        </test-method> <!-- a -->
      </class> <!-- testPackage.Test1 -->
    </test> <!-- Default test -->
  </suite> <!-- Default suite -->
</testng-results>
